<?xml version="1.0" encoding="UTF-8"?><testrun name="TestOneDimTableNatural_Object" project="BT-Library-Java" tests="13" started="13" failures="0" errors="2" ignored="0">
  <testsuite name="Bt.Tests.Core.Collections.TestOneDimTableNatural_Object" time="0.0">
    <testcase name="test_ASig_Method_TableState_NewElRelation" classname="Bt.Tests.Core.Collections.TestOneDimTableNatural_Object" time="0.0"/>
    <testcase name="test_Insert_Empty" classname="Bt.Tests.Core.Collections.TestOneDimTableNatural_Object" time="0.0"/>
    <testcase name="test_Insert_Filled_EqualToLeftLimit" classname="Bt.Tests.Core.Collections.TestOneDimTableNatural_Object" time="0.0"/>
    <testcase name="test_Insert_Filled_EqualToRightLimit" classname="Bt.Tests.Core.Collections.TestOneDimTableNatural_Object" time="0.0">
      <error>java.lang.ArrayIndexOutOfBoundsException: 5&#13;
	at Bt.Core.ABC.OneDimTable.insert(OneDimTable.java:76)&#13;
	at Bt.Tests.Core.Collections.TestOneDimTableNatural_Object.test_Insert_Filled_EqualToRightLimit(TestOneDimTableNatural_Object.java:221)&#13;
	at sun.reflect.NativeMethodAccessorImpl.invoke0(Native Method)&#13;
	at sun.reflect.NativeMethodAccessorImpl.invoke(Unknown Source)&#13;
	at sun.reflect.DelegatingMethodAccessorImpl.invoke(Unknown Source)&#13;
	at java.lang.reflect.Method.invoke(Unknown Source)&#13;
	at junit.framework.TestCase.runTest(TestCase.java:176)&#13;
	at junit.framework.TestCase.runBare(TestCase.java:141)&#13;
	at junit.framework.TestResult$1.protect(TestResult.java:122)&#13;
	at junit.framework.TestResult.runProtected(TestResult.java:142)&#13;
	at junit.framework.TestResult.run(TestResult.java:125)&#13;
	at junit.framework.TestCase.run(TestCase.java:129)&#13;
	at junit.framework.TestSuite.runTest(TestSuite.java:252)&#13;
	at junit.framework.TestSuite.run(TestSuite.java:247)&#13;
	at org.junit.internal.runners.JUnit38ClassRunner.run(JUnit38ClassRunner.java:86)&#13;
	at org.eclipse.jdt.internal.junit4.runner.JUnit4TestReference.run(JUnit4TestReference.java:86)&#13;
	at org.eclipse.jdt.internal.junit.runner.TestExecution.run(TestExecution.java:38)&#13;
	at org.eclipse.jdt.internal.junit.runner.RemoteTestRunner.runTests(RemoteTestRunner.java:459)&#13;
	at org.eclipse.jdt.internal.junit.runner.RemoteTestRunner.runTests(RemoteTestRunner.java:675)&#13;
	at org.eclipse.jdt.internal.junit.runner.RemoteTestRunner.run(RemoteTestRunner.java:382)&#13;
	at org.eclipse.jdt.internal.junit.runner.RemoteTestRunner.main(RemoteTestRunner.java:192)&#13;
&#13;
</error>
    </testcase>
    <testcase name="test_Insert_Filled_EqualToSecond" classname="Bt.Tests.Core.Collections.TestOneDimTableNatural_Object" time="0.0"/>
    <testcase name="test_Insert_Filled_Internal" classname="Bt.Tests.Core.Collections.TestOneDimTableNatural_Object" time="0.0"/>
    <testcase name="test_Insert_Filled_LastButOne" classname="Bt.Tests.Core.Collections.TestOneDimTableNatural_Object" time="0.0"/>
    <testcase name="test_Insert_Filled_Latter" classname="Bt.Tests.Core.Collections.TestOneDimTableNatural_Object" time="0.0"/>
    <testcase name="test_Insert_Filled_NewLeftLimit" classname="Bt.Tests.Core.Collections.TestOneDimTableNatural_Object" time="0.0"/>
    <testcase name="test_Insert_Filled_NewRightLimit" classname="Bt.Tests.Core.Collections.TestOneDimTableNatural_Object" time="0.0">
      <error>java.lang.ArrayIndexOutOfBoundsException: 5&#13;
	at Bt.Core.ABC.OneDimTable.insert(OneDimTable.java:76)&#13;
	at Bt.Tests.Core.Collections.TestOneDimTableNatural_Object.test_Insert_Filled_NewRightLimit(TestOneDimTableNatural_Object.java:195)&#13;
	at sun.reflect.NativeMethodAccessorImpl.invoke0(Native Method)&#13;
	at sun.reflect.NativeMethodAccessorImpl.invoke(Unknown Source)&#13;
	at sun.reflect.DelegatingMethodAccessorImpl.invoke(Unknown Source)&#13;
	at java.lang.reflect.Method.invoke(Unknown Source)&#13;
	at junit.framework.TestCase.runTest(TestCase.java:176)&#13;
	at junit.framework.TestCase.runBare(TestCase.java:141)&#13;
	at junit.framework.TestResult$1.protect(TestResult.java:122)&#13;
	at junit.framework.TestResult.runProtected(TestResult.java:142)&#13;
	at junit.framework.TestResult.run(TestResult.java:125)&#13;
	at junit.framework.TestCase.run(TestCase.java:129)&#13;
	at junit.framework.TestSuite.runTest(TestSuite.java:252)&#13;
	at junit.framework.TestSuite.run(TestSuite.java:247)&#13;
	at org.junit.internal.runners.JUnit38ClassRunner.run(JUnit38ClassRunner.java:86)&#13;
	at org.eclipse.jdt.internal.junit4.runner.JUnit4TestReference.run(JUnit4TestReference.java:86)&#13;
	at org.eclipse.jdt.internal.junit.runner.TestExecution.run(TestExecution.java:38)&#13;
	at org.eclipse.jdt.internal.junit.runner.RemoteTestRunner.runTests(RemoteTestRunner.java:459)&#13;
	at org.eclipse.jdt.internal.junit.runner.RemoteTestRunner.runTests(RemoteTestRunner.java:675)&#13;
	at org.eclipse.jdt.internal.junit.runner.RemoteTestRunner.run(RemoteTestRunner.java:382)&#13;
	at org.eclipse.jdt.internal.junit.runner.RemoteTestRunner.main(RemoteTestRunner.java:192)&#13;
&#13;
</error>
    </testcase>
    <testcase name="test_Insert_Single_Equal" classname="Bt.Tests.Core.Collections.TestOneDimTableNatural_Object" time="0.0"/>
    <testcase name="test_Insert_Single_Higher" classname="Bt.Tests.Core.Collections.TestOneDimTableNatural_Object" time="0.0"/>
    <testcase name="test_Insert_Single_Lower" classname="Bt.Tests.Core.Collections.TestOneDimTableNatural_Object" time="0.0"/>
  </testsuite>
</testrun>
