<?xml version="1.0" encoding="UTF-8"?><testrun name="TestShapes" project="BT-Library-Java" tests="3" started="3" failures="0" errors="1" ignored="0">
  <testsuite name="Bt.Tests.Core.Geometry.Shapes.TestShapes" time="0.0">
    <testcase name="testCreateSet" classname="Bt.Tests.Core.Geometry.Shapes.TestShapes" time="0.0"/>
    <testcase name="test_Create_Circle" classname="Bt.Tests.Core.Geometry.Shapes.TestShapes" time="0.0"/>
    <testcase name="test_Create_Triangle" classname="Bt.Tests.Core.Geometry.Shapes.TestShapes" time="0.0">
      <error>java.util.IllegalFormatConversionException: f != java.lang.String&#13;
	at java.util.Formatter$FormatSpecifier.failConversion(Unknown Source)&#13;
	at java.util.Formatter$FormatSpecifier.printFloat(Unknown Source)&#13;
	at java.util.Formatter$FormatSpecifier.print(Unknown Source)&#13;
	at java.util.Formatter.format(Unknown Source)&#13;
	at java.util.Formatter.format(Unknown Source)&#13;
	at java.lang.String.format(Unknown Source)&#13;
	at Bt.Core.Geometry.Shapes.Triangle.toString(Triangle.java:30)&#13;
	at java.lang.String.valueOf(Unknown Source)&#13;
	at java.io.PrintStream.println(Unknown Source)&#13;
	at Bt.Tests.Core.Geometry.Shapes.TestShapes.test_Create_Triangle(TestShapes.java:54)&#13;
	at sun.reflect.NativeMethodAccessorImpl.invoke0(Native Method)&#13;
	at sun.reflect.NativeMethodAccessorImpl.invoke(Unknown Source)&#13;
	at sun.reflect.DelegatingMethodAccessorImpl.invoke(Unknown Source)&#13;
	at java.lang.reflect.Method.invoke(Unknown Source)&#13;
	at junit.framework.TestCase.runTest(TestCase.java:176)&#13;
	at junit.framework.TestCase.runBare(TestCase.java:141)&#13;
	at junit.framework.TestResult$1.protect(TestResult.java:122)&#13;
	at junit.framework.TestResult.runProtected(TestResult.java:142)&#13;
	at junit.framework.TestResult.run(TestResult.java:125)&#13;
	at junit.framework.TestCase.run(TestCase.java:129)&#13;
	at junit.framework.TestSuite.runTest(TestSuite.java:252)&#13;
	at junit.framework.TestSuite.run(TestSuite.java:247)&#13;
	at org.junit.internal.runners.JUnit38ClassRunner.run(JUnit38ClassRunner.java:86)&#13;
	at org.eclipse.jdt.internal.junit4.runner.JUnit4TestReference.run(JUnit4TestReference.java:86)&#13;
	at org.eclipse.jdt.internal.junit.runner.TestExecution.run(TestExecution.java:38)&#13;
	at org.eclipse.jdt.internal.junit.runner.RemoteTestRunner.runTests(RemoteTestRunner.java:459)&#13;
	at org.eclipse.jdt.internal.junit.runner.RemoteTestRunner.runTests(RemoteTestRunner.java:675)&#13;
	at org.eclipse.jdt.internal.junit.runner.RemoteTestRunner.run(RemoteTestRunner.java:382)&#13;
	at org.eclipse.jdt.internal.junit.runner.RemoteTestRunner.main(RemoteTestRunner.java:192)&#13;
&#13;
</error>
    </testcase>
  </testsuite>
</testrun>
