<?xml version="1.0" encoding="UTF-8"?><testrun name="Test_GraphAlgos_String_String" project="BT-Library-Java" tests="16" started="16" failures="4" errors="0" ignored="0">
  <testsuite name="Bt.Tests.Core.Algorithms.Test_GraphAlgos_String_String" time="0.045">
    <testcase name="test_FF_Dijkstra_Wlochy_Rosja" classname="Bt.Tests.Core.Algorithms.Test_GraphAlgos_String_String" time="0.001"/>
    <testcase name="test_FT_Dijkstra_Polska_Estonia" classname="Bt.Tests.Core.Algorithms.Test_GraphAlgos_String_String" time="0.0"/>
    <testcase name="test_FW_Dijkstra_Rosja_NULL" classname="Bt.Tests.Core.Algorithms.Test_GraphAlgos_String_String" time="0.0"/>
    <testcase name="test_Krawedzie_A" classname="Bt.Tests.Core.Algorithms.Test_GraphAlgos_String_String" time="0.0"/>
    <testcase name="test_TF_Dijkstra_Dania_Rosja" classname="Bt.Tests.Core.Algorithms.Test_GraphAlgos_String_String" time="0.021">
      <failure>junit.framework.AssertionFailedError&#13;
	at junit.framework.Assert.fail(Assert.java:55)&#13;
	at junit.framework.Assert.assertTrue(Assert.java:22)&#13;
	at junit.framework.Assert.assertTrue(Assert.java:31)&#13;
	at junit.framework.TestCase.assertTrue(TestCase.java:201)&#13;
	at Bt.Tests.Core.Algorithms.Test_GraphAlgos_String_String.test_TF_Dijkstra_Dania_Rosja(Test_GraphAlgos_String_String.java:373)&#13;
	at sun.reflect.NativeMethodAccessorImpl.invoke0(Native Method)&#13;
	at sun.reflect.NativeMethodAccessorImpl.invoke(Unknown Source)&#13;
	at sun.reflect.DelegatingMethodAccessorImpl.invoke(Unknown Source)&#13;
	at java.lang.reflect.Method.invoke(Unknown Source)&#13;
	at junit.framework.TestCase.runTest(TestCase.java:176)&#13;
	at junit.framework.TestCase.runBare(TestCase.java:141)&#13;
	at junit.framework.TestResult$1.protect(TestResult.java:122)&#13;
	at junit.framework.TestResult.runProtected(TestResult.java:142)&#13;
	at junit.framework.TestResult.run(TestResult.java:125)&#13;
	at junit.framework.TestCase.run(TestCase.java:129)&#13;
	at junit.framework.TestSuite.runTest(TestSuite.java:252)&#13;
	at junit.framework.TestSuite.run(TestSuite.java:247)&#13;
	at org.junit.internal.runners.JUnit38ClassRunner.run(JUnit38ClassRunner.java:86)&#13;
	at org.eclipse.jdt.internal.junit4.runner.JUnit4TestReference.run(JUnit4TestReference.java:86)&#13;
	at org.eclipse.jdt.internal.junit.runner.TestExecution.run(TestExecution.java:38)&#13;
	at org.eclipse.jdt.internal.junit.runner.RemoteTestRunner.runTests(RemoteTestRunner.java:459)&#13;
	at org.eclipse.jdt.internal.junit.runner.RemoteTestRunner.runTests(RemoteTestRunner.java:675)&#13;
	at org.eclipse.jdt.internal.junit.runner.RemoteTestRunner.run(RemoteTestRunner.java:382)&#13;
	at org.eclipse.jdt.internal.junit.runner.RemoteTestRunner.main(RemoteTestRunner.java:192)&#13;
&#13;
</failure>
    </testcase>
    <testcase name="test_TT_Dijkstra_Dania_Anglia" classname="Bt.Tests.Core.Algorithms.Test_GraphAlgos_String_String" time="0.002">
      <failure>junit.framework.AssertionFailedError&#13;
	at junit.framework.Assert.fail(Assert.java:55)&#13;
	at junit.framework.Assert.assertTrue(Assert.java:22)&#13;
	at junit.framework.Assert.assertTrue(Assert.java:31)&#13;
	at junit.framework.TestCase.assertTrue(TestCase.java:201)&#13;
	at Bt.Tests.Core.Algorithms.Test_GraphAlgos_String_String.test_TT_Dijkstra_Dania_Anglia(Test_GraphAlgos_String_String.java:176)&#13;
	at sun.reflect.NativeMethodAccessorImpl.invoke0(Native Method)&#13;
	at sun.reflect.NativeMethodAccessorImpl.invoke(Unknown Source)&#13;
	at sun.reflect.DelegatingMethodAccessorImpl.invoke(Unknown Source)&#13;
	at java.lang.reflect.Method.invoke(Unknown Source)&#13;
	at junit.framework.TestCase.runTest(TestCase.java:176)&#13;
	at junit.framework.TestCase.runBare(TestCase.java:141)&#13;
	at junit.framework.TestResult$1.protect(TestResult.java:122)&#13;
	at junit.framework.TestResult.runProtected(TestResult.java:142)&#13;
	at junit.framework.TestResult.run(TestResult.java:125)&#13;
	at junit.framework.TestCase.run(TestCase.java:129)&#13;
	at junit.framework.TestSuite.runTest(TestSuite.java:252)&#13;
	at junit.framework.TestSuite.run(TestSuite.java:247)&#13;
	at org.junit.internal.runners.JUnit38ClassRunner.run(JUnit38ClassRunner.java:86)&#13;
	at org.eclipse.jdt.internal.junit4.runner.JUnit4TestReference.run(JUnit4TestReference.java:86)&#13;
	at org.eclipse.jdt.internal.junit.runner.TestExecution.run(TestExecution.java:38)&#13;
	at org.eclipse.jdt.internal.junit.runner.RemoteTestRunner.runTests(RemoteTestRunner.java:459)&#13;
	at org.eclipse.jdt.internal.junit.runner.RemoteTestRunner.runTests(RemoteTestRunner.java:675)&#13;
	at org.eclipse.jdt.internal.junit.runner.RemoteTestRunner.run(RemoteTestRunner.java:382)&#13;
	at org.eclipse.jdt.internal.junit.runner.RemoteTestRunner.main(RemoteTestRunner.java:192)&#13;
&#13;
</failure>
    </testcase>
    <testcase name="test_TT_Dijkstra_Dania_Belgia" classname="Bt.Tests.Core.Algorithms.Test_GraphAlgos_String_String" time="0.001"/>
    <testcase name="test_TT_Dijkstra_Dania_Czechy" classname="Bt.Tests.Core.Algorithms.Test_GraphAlgos_String_String" time="0.002"/>
    <testcase name="test_TT_Dijkstra_Dania_Estonia" classname="Bt.Tests.Core.Algorithms.Test_GraphAlgos_String_String" time="0.003">
      <failure>junit.framework.AssertionFailedError&#13;
	at junit.framework.Assert.fail(Assert.java:55)&#13;
	at junit.framework.Assert.assertTrue(Assert.java:22)&#13;
	at junit.framework.Assert.assertTrue(Assert.java:31)&#13;
	at junit.framework.TestCase.assertTrue(TestCase.java:201)&#13;
	at Bt.Tests.Core.Algorithms.Test_GraphAlgos_String_String.test_TT_Dijkstra_Dania_Estonia(Test_GraphAlgos_String_String.java:285)&#13;
	at sun.reflect.NativeMethodAccessorImpl.invoke0(Native Method)&#13;
	at sun.reflect.NativeMethodAccessorImpl.invoke(Unknown Source)&#13;
	at sun.reflect.DelegatingMethodAccessorImpl.invoke(Unknown Source)&#13;
	at java.lang.reflect.Method.invoke(Unknown Source)&#13;
	at junit.framework.TestCase.runTest(TestCase.java:176)&#13;
	at junit.framework.TestCase.runBare(TestCase.java:141)&#13;
	at junit.framework.TestResult$1.protect(TestResult.java:122)&#13;
	at junit.framework.TestResult.runProtected(TestResult.java:142)&#13;
	at junit.framework.TestResult.run(TestResult.java:125)&#13;
	at junit.framework.TestCase.run(TestCase.java:129)&#13;
	at junit.framework.TestSuite.runTest(TestSuite.java:252)&#13;
	at junit.framework.TestSuite.run(TestSuite.java:247)&#13;
	at org.junit.internal.runners.JUnit38ClassRunner.run(JUnit38ClassRunner.java:86)&#13;
	at org.eclipse.jdt.internal.junit4.runner.JUnit4TestReference.run(JUnit4TestReference.java:86)&#13;
	at org.eclipse.jdt.internal.junit.runner.TestExecution.run(TestExecution.java:38)&#13;
	at org.eclipse.jdt.internal.junit.runner.RemoteTestRunner.runTests(RemoteTestRunner.java:459)&#13;
	at org.eclipse.jdt.internal.junit.runner.RemoteTestRunner.runTests(RemoteTestRunner.java:675)&#13;
	at org.eclipse.jdt.internal.junit.runner.RemoteTestRunner.run(RemoteTestRunner.java:382)&#13;
	at org.eclipse.jdt.internal.junit.runner.RemoteTestRunner.main(RemoteTestRunner.java:192)&#13;
&#13;
</failure>
    </testcase>
    <testcase name="test_TT_Dijkstra_Dania_Francja" classname="Bt.Tests.Core.Algorithms.Test_GraphAlgos_String_String" time="0.003"/>
    <testcase name="test_TT_Dijkstra_Dania_Grecja" classname="Bt.Tests.Core.Algorithms.Test_GraphAlgos_String_String" time="0.001"/>
    <testcase name="test_TT_Dijkstra_Dania_Hiszpania" classname="Bt.Tests.Core.Algorithms.Test_GraphAlgos_String_String" time="0.003">
      <failure>junit.framework.AssertionFailedError&#13;
	at junit.framework.Assert.fail(Assert.java:55)&#13;
	at junit.framework.Assert.assertTrue(Assert.java:22)&#13;
	at junit.framework.Assert.assertTrue(Assert.java:31)&#13;
	at junit.framework.TestCase.assertTrue(TestCase.java:201)&#13;
	at Bt.Tests.Core.Algorithms.Test_GraphAlgos_String_String.test_TT_Dijkstra_Dania_Hiszpania(Test_GraphAlgos_String_String.java:315)&#13;
	at sun.reflect.NativeMethodAccessorImpl.invoke0(Native Method)&#13;
	at sun.reflect.NativeMethodAccessorImpl.invoke(Unknown Source)&#13;
	at sun.reflect.DelegatingMethodAccessorImpl.invoke(Unknown Source)&#13;
	at java.lang.reflect.Method.invoke(Unknown Source)&#13;
	at junit.framework.TestCase.runTest(TestCase.java:176)&#13;
	at junit.framework.TestCase.runBare(TestCase.java:141)&#13;
	at junit.framework.TestResult$1.protect(TestResult.java:122)&#13;
	at junit.framework.TestResult.runProtected(TestResult.java:142)&#13;
	at junit.framework.TestResult.run(TestResult.java:125)&#13;
	at junit.framework.TestCase.run(TestCase.java:129)&#13;
	at junit.framework.TestSuite.runTest(TestSuite.java:252)&#13;
	at junit.framework.TestSuite.run(TestSuite.java:247)&#13;
	at org.junit.internal.runners.JUnit38ClassRunner.run(JUnit38ClassRunner.java:86)&#13;
	at org.eclipse.jdt.internal.junit4.runner.JUnit4TestReference.run(JUnit4TestReference.java:86)&#13;
	at org.eclipse.jdt.internal.junit.runner.TestExecution.run(TestExecution.java:38)&#13;
	at org.eclipse.jdt.internal.junit.runner.RemoteTestRunner.runTests(RemoteTestRunner.java:459)&#13;
	at org.eclipse.jdt.internal.junit.runner.RemoteTestRunner.runTests(RemoteTestRunner.java:675)&#13;
	at org.eclipse.jdt.internal.junit.runner.RemoteTestRunner.run(RemoteTestRunner.java:382)&#13;
	at org.eclipse.jdt.internal.junit.runner.RemoteTestRunner.main(RemoteTestRunner.java:192)&#13;
&#13;
</failure>
    </testcase>
    <testcase name="test_TW_Dijkstra_Dania_NULL" classname="Bt.Tests.Core.Algorithms.Test_GraphAlgos_String_String" time="0.0"/>
    <testcase name="test_WF_Dijkstra_NULL_Rosja" classname="Bt.Tests.Core.Algorithms.Test_GraphAlgos_String_String" time="0.002"/>
    <testcase name="test_WT_Dijkstra_Dania_NULL" classname="Bt.Tests.Core.Algorithms.Test_GraphAlgos_String_String" time="0.0"/>
    <testcase name="test_WW_Dijkstra_NULL_NULL" classname="Bt.Tests.Core.Algorithms.Test_GraphAlgos_String_String" time="0.003"/>
  </testsuite>
</testrun>
