<?xml version="1.0" encoding="UTF-8"?><testrun name="TestArrayIterator.TestEqualsLineSegmentTheSameTrue1" project="BT-Library-Java" tests="1" started="1" failures="0" errors="1" ignored="0">
  <testcase name="initializationError" classname="org.junit.runner.manipulation.Filter" time="0.0">
    <error>java.lang.Exception: No tests found matching [{ExactMatcher:fDisplayName=TestEqualsLineSegmentTheSameTrue1], {ExactMatcher:fDisplayName=TestEqualsLineSegmentTheSameTrue1(bt.tests.core.collections.iterators.TestArrayIterator)], {LeadingIdentifierMatcher:fClassName=bt.tests.core.collections.iterators.TestArrayIterator,fLeadingIdentifier=TestEqualsLineSegmentTheSameTrue1]] from org.junit.internal.requests.ClassRequest@7699a589&#13;
	at org.junit.internal.requests.FilterRequest.getRunner(FilterRequest.java:40)&#13;
	at org.eclipse.jdt.internal.junit4.runner.JUnit4TestLoader.createFilteredTest(JUnit4TestLoader.java:77)&#13;
	at org.eclipse.jdt.internal.junit4.runner.JUnit4TestLoader.createTest(JUnit4TestLoader.java:68)&#13;
	at org.eclipse.jdt.internal.junit4.runner.JUnit4TestLoader.loadTests(JUnit4TestLoader.java:43)&#13;
	at org.eclipse.jdt.internal.junit.runner.RemoteTestRunner.runTests(RemoteTestRunner.java:444)&#13;
	at org.eclipse.jdt.internal.junit.runner.RemoteTestRunner.runTests(RemoteTestRunner.java:675)&#13;
	at org.eclipse.jdt.internal.junit.runner.RemoteTestRunner.run(RemoteTestRunner.java:382)&#13;
	at org.eclipse.jdt.internal.junit.runner.RemoteTestRunner.main(RemoteTestRunner.java:192)&#13;
&#13;
</error>
  </testcase>
</testrun>
