<?xml version="1.0" encoding="UTF-8"?><testrun name="TestRatBST2" project="BT-Library-Java" tests="20" started="20" failures="3" errors="0" ignored="0">
  <testsuite name="bt.collections.trees.TestRatBST2" time="0.001">
    <testcase name="test_CTOR_empty_true" classname="bt.collections.trees.TestRatBST2" time="0.0"/>
    <testcase name="test_assignAmountOfInternalNodes_MockNotEmpty_8" classname="bt.collections.trees.TestRatBST2" time="0.0">
      <failure>junit.framework.AssertionFailedError: expected:&lt;8&gt; but was:&lt;0&gt;&#13;
	at junit.framework.Assert.fail(Assert.java:57)&#13;
	at junit.framework.Assert.failNotEquals(Assert.java:329)&#13;
	at junit.framework.Assert.assertEquals(Assert.java:78)&#13;
	at junit.framework.Assert.assertEquals(Assert.java:234)&#13;
	at junit.framework.Assert.assertEquals(Assert.java:241)&#13;
	at junit.framework.TestCase.assertEquals(TestCase.java:409)&#13;
	at bt.collections.trees.TestRatBST2.test_assignAmountOfInternalNodes_MockNotEmpty_8(TestRatBST2.java:323)&#13;
	at sun.reflect.NativeMethodAccessorImpl.invoke0(Native Method)&#13;
	at sun.reflect.NativeMethodAccessorImpl.invoke(NativeMethodAccessorImpl.java:62)&#13;
	at sun.reflect.DelegatingMethodAccessorImpl.invoke(DelegatingMethodAccessorImpl.java:43)&#13;
	at java.lang.reflect.Method.invoke(Method.java:498)&#13;
	at junit.framework.TestCase.runTest(TestCase.java:176)&#13;
	at junit.framework.TestCase.runBare(TestCase.java:141)&#13;
	at junit.framework.TestResult$1.protect(TestResult.java:122)&#13;
	at junit.framework.TestResult.runProtected(TestResult.java:142)&#13;
	at junit.framework.TestResult.run(TestResult.java:125)&#13;
	at junit.framework.TestCase.run(TestCase.java:129)&#13;
	at junit.framework.TestSuite.runTest(TestSuite.java:252)&#13;
	at junit.framework.TestSuite.run(TestSuite.java:247)&#13;
	at org.junit.internal.runners.JUnit38ClassRunner.run(JUnit38ClassRunner.java:86)&#13;
	at org.eclipse.jdt.internal.junit4.runner.JUnit4TestReference.run(JUnit4TestReference.java:86)&#13;
	at org.eclipse.jdt.internal.junit.runner.TestExecution.run(TestExecution.java:38)&#13;
	at org.eclipse.jdt.internal.junit.runner.RemoteTestRunner.runTests(RemoteTestRunner.java:459)&#13;
	at org.eclipse.jdt.internal.junit.runner.RemoteTestRunner.runTests(RemoteTestRunner.java:675)&#13;
	at org.eclipse.jdt.internal.junit.runner.RemoteTestRunner.run(RemoteTestRunner.java:382)&#13;
	at org.eclipse.jdt.internal.junit.runner.RemoteTestRunner.main(RemoteTestRunner.java:192)&#13;
&#13;
</failure>
    </testcase>
    <testcase name="test_assignAmountOfInternalNodes_MockOneElement_1" classname="bt.collections.trees.TestRatBST2" time="0.0">
      <failure>junit.framework.AssertionFailedError: expected:&lt;1&gt; but was:&lt;0&gt;&#13;
	at junit.framework.Assert.fail(Assert.java:57)&#13;
	at junit.framework.Assert.failNotEquals(Assert.java:329)&#13;
	at junit.framework.Assert.assertEquals(Assert.java:78)&#13;
	at junit.framework.Assert.assertEquals(Assert.java:234)&#13;
	at junit.framework.Assert.assertEquals(Assert.java:241)&#13;
	at junit.framework.TestCase.assertEquals(TestCase.java:409)&#13;
	at bt.collections.trees.TestRatBST2.test_assignAmountOfInternalNodes_MockOneElement_1(TestRatBST2.java:307)&#13;
	at sun.reflect.NativeMethodAccessorImpl.invoke0(Native Method)&#13;
	at sun.reflect.NativeMethodAccessorImpl.invoke(NativeMethodAccessorImpl.java:62)&#13;
	at sun.reflect.DelegatingMethodAccessorImpl.invoke(DelegatingMethodAccessorImpl.java:43)&#13;
	at java.lang.reflect.Method.invoke(Method.java:498)&#13;
	at junit.framework.TestCase.runTest(TestCase.java:176)&#13;
	at junit.framework.TestCase.runBare(TestCase.java:141)&#13;
	at junit.framework.TestResult$1.protect(TestResult.java:122)&#13;
	at junit.framework.TestResult.runProtected(TestResult.java:142)&#13;
	at junit.framework.TestResult.run(TestResult.java:125)&#13;
	at junit.framework.TestCase.run(TestCase.java:129)&#13;
	at junit.framework.TestSuite.runTest(TestSuite.java:252)&#13;
	at junit.framework.TestSuite.run(TestSuite.java:247)&#13;
	at org.junit.internal.runners.JUnit38ClassRunner.run(JUnit38ClassRunner.java:86)&#13;
	at org.eclipse.jdt.internal.junit4.runner.JUnit4TestReference.run(JUnit4TestReference.java:86)&#13;
	at org.eclipse.jdt.internal.junit.runner.TestExecution.run(TestExecution.java:38)&#13;
	at org.eclipse.jdt.internal.junit.runner.RemoteTestRunner.runTests(RemoteTestRunner.java:459)&#13;
	at org.eclipse.jdt.internal.junit.runner.RemoteTestRunner.runTests(RemoteTestRunner.java:675)&#13;
	at org.eclipse.jdt.internal.junit.runner.RemoteTestRunner.run(RemoteTestRunner.java:382)&#13;
	at org.eclipse.jdt.internal.junit.runner.RemoteTestRunner.main(RemoteTestRunner.java:192)&#13;
&#13;
</failure>
    </testcase>
    <testcase name="test_assignAmountOfInternalNodes_null_0" classname="bt.collections.trees.TestRatBST2" time="0.0"/>
    <testcase name="test_countExternalNodes_MockNotEmpty_9" classname="bt.collections.trees.TestRatBST2" time="0.0"/>
    <testcase name="test_countExternalNodes_MockOneElement_2" classname="bt.collections.trees.TestRatBST2" time="0.0"/>
    <testcase name="test_countExternalNodes_null_1" classname="bt.collections.trees.TestRatBST2" time="0.0"/>
    <testcase name="test_countInternalNodes_MockNotEmpty_8" classname="bt.collections.trees.TestRatBST2" time="0.0"/>
    <testcase name="test_countInternalNodes_MockOneElement_1" classname="bt.collections.trees.TestRatBST2" time="0.0"/>
    <testcase name="test_countInternalNodes_null_0" classname="bt.collections.trees.TestRatBST2" time="0.0"/>
    <testcase name="test_countLeaves_MockNotEmpty_4" classname="bt.collections.trees.TestRatBST2" time="0.0"/>
    <testcase name="test_countLeaves_MockOneElement_1" classname="bt.collections.trees.TestRatBST2" time="0.0"/>
    <testcase name="test_countLeaves_null_0" classname="bt.collections.trees.TestRatBST2" time="0.0"/>
    <testcase name="test_countLowerNodes_MockNotEmpty_4" classname="bt.collections.trees.TestRatBST2" time="0.001">
      <failure>junit.framework.AssertionFailedError: expected:&lt;4&gt; but was:&lt;0&gt;&#13;
	at junit.framework.Assert.fail(Assert.java:57)&#13;
	at junit.framework.Assert.failNotEquals(Assert.java:329)&#13;
	at junit.framework.Assert.assertEquals(Assert.java:78)&#13;
	at junit.framework.Assert.assertEquals(Assert.java:234)&#13;
	at junit.framework.Assert.assertEquals(Assert.java:241)&#13;
	at junit.framework.TestCase.assertEquals(TestCase.java:409)&#13;
	at bt.collections.trees.TestRatBST2.test_countLowerNodes_MockNotEmpty_4(TestRatBST2.java:274)&#13;
	at sun.reflect.NativeMethodAccessorImpl.invoke0(Native Method)&#13;
	at sun.reflect.NativeMethodAccessorImpl.invoke(NativeMethodAccessorImpl.java:62)&#13;
	at sun.reflect.DelegatingMethodAccessorImpl.invoke(DelegatingMethodAccessorImpl.java:43)&#13;
	at java.lang.reflect.Method.invoke(Method.java:498)&#13;
	at junit.framework.TestCase.runTest(TestCase.java:176)&#13;
	at junit.framework.TestCase.runBare(TestCase.java:141)&#13;
	at junit.framework.TestResult$1.protect(TestResult.java:122)&#13;
	at junit.framework.TestResult.runProtected(TestResult.java:142)&#13;
	at junit.framework.TestResult.run(TestResult.java:125)&#13;
	at junit.framework.TestCase.run(TestCase.java:129)&#13;
	at junit.framework.TestSuite.runTest(TestSuite.java:252)&#13;
	at junit.framework.TestSuite.run(TestSuite.java:247)&#13;
	at org.junit.internal.runners.JUnit38ClassRunner.run(JUnit38ClassRunner.java:86)&#13;
	at org.eclipse.jdt.internal.junit4.runner.JUnit4TestReference.run(JUnit4TestReference.java:86)&#13;
	at org.eclipse.jdt.internal.junit.runner.TestExecution.run(TestExecution.java:38)&#13;
	at org.eclipse.jdt.internal.junit.runner.RemoteTestRunner.runTests(RemoteTestRunner.java:459)&#13;
	at org.eclipse.jdt.internal.junit.runner.RemoteTestRunner.runTests(RemoteTestRunner.java:675)&#13;
	at org.eclipse.jdt.internal.junit.runner.RemoteTestRunner.run(RemoteTestRunner.java:382)&#13;
	at org.eclipse.jdt.internal.junit.runner.RemoteTestRunner.main(RemoteTestRunner.java:192)&#13;
&#13;
</failure>
    </testcase>
    <testcase name="test_countLowerNodes_MockOneElement_0" classname="bt.collections.trees.TestRatBST2" time="0.0"/>
    <testcase name="test_countLowerNodes_null_0" classname="bt.collections.trees.TestRatBST2" time="0.0"/>
    <testcase name="test_height_MockNotEmpty_3" classname="bt.collections.trees.TestRatBST2" time="0.0"/>
    <testcase name="test_height_MockOneElement_0" classname="bt.collections.trees.TestRatBST2" time="0.0"/>
    <testcase name="test_height_null_m1" classname="bt.collections.trees.TestRatBST2" time="0.0"/>
    <testcase name="test_preorder_Mock_4213657" classname="bt.collections.trees.TestRatBST2" time="0.0"/>
  </testsuite>
</testrun>
