<?xml version="1.0" encoding="UTF-8"?><testrun name="TestsDrukarka.test_Drukarka_ArrayList_Bezrobotny" project="BT-Library-Java" tests="1" started="1" failures="0" errors="1" ignored="0">
  <testcase name="test_Drukarka_ArrayList_Bezrobotny" classname="bt.tests.core.TestsDrukarka" time="0.165">
    <error>java.util.MissingFormatArgumentException: Format specifier '%#5.1f'&#13;
	at java.util.Formatter.format(Unknown Source)&#13;
	at java.util.Formatter.format(Unknown Source)&#13;
	at java.lang.String.format(Unknown Source)&#13;
	at bt.core.collections.elems.Bezrobotny.toString(Bezrobotny.java:26)&#13;
	at bt.core.collections.elems.Osoba.drukuj(Osoba.java:38)&#13;
	at bt.core.Drukarka.lambda$0(Drukarka.java:10)&#13;
	at java.util.ArrayList.forEach(Unknown Source)&#13;
	at bt.core.Drukarka.drukuj(Drukarka.java:10)&#13;
	at bt.tests.core.TestsDrukarka.test_Drukarka_ArrayList_Bezrobotny(TestsDrukarka.java:42)&#13;
	at sun.reflect.NativeMethodAccessorImpl.invoke0(Native Method)&#13;
	at sun.reflect.NativeMethodAccessorImpl.invoke(Unknown Source)&#13;
	at sun.reflect.DelegatingMethodAccessorImpl.invoke(Unknown Source)&#13;
	at java.lang.reflect.Method.invoke(Unknown Source)&#13;
	at junit.framework.TestCase.runTest(TestCase.java:176)&#13;
	at junit.framework.TestCase.runBare(TestCase.java:141)&#13;
	at junit.framework.TestResult$1.protect(TestResult.java:122)&#13;
	at junit.framework.TestResult.runProtected(TestResult.java:142)&#13;
	at junit.framework.TestResult.run(TestResult.java:125)&#13;
	at junit.framework.TestCase.run(TestCase.java:129)&#13;
	at junit.framework.TestSuite.runTest(TestSuite.java:252)&#13;
	at junit.framework.TestSuite.run(TestSuite.java:247)&#13;
	at org.junit.internal.runners.JUnit38ClassRunner.run(JUnit38ClassRunner.java:86)&#13;
	at org.eclipse.jdt.internal.junit4.runner.JUnit4TestReference.run(JUnit4TestReference.java:86)&#13;
	at org.eclipse.jdt.internal.junit.runner.TestExecution.run(TestExecution.java:38)&#13;
	at org.eclipse.jdt.internal.junit.runner.RemoteTestRunner.runTests(RemoteTestRunner.java:459)&#13;
	at org.eclipse.jdt.internal.junit.runner.RemoteTestRunner.runTests(RemoteTestRunner.java:675)&#13;
	at org.eclipse.jdt.internal.junit.runner.RemoteTestRunner.run(RemoteTestRunner.java:382)&#13;
	at org.eclipse.jdt.internal.junit.runner.RemoteTestRunner.main(RemoteTestRunner.java:192)&#13;
&#13;
</error>
  </testcase>
</testrun>
