<?xml version="1.0" encoding="UTF-8"?><testrun name="TestRatajListRec2" project="BT-Library-Java" tests="26" started="26" failures="2" errors="0" ignored="0">
  <testsuite name="bt.collections.lists.TestRatajListRec2" time="0.008">
    <testcase name="test_CTOR_associateTwoLists_true" classname="bt.collections.lists.TestRatajListRec2" time="0.001"/>
    <testcase name="test_CTOR_oneEl_true" classname="bt.collections.lists.TestRatajListRec2" time="0.0"/>
    <testcase name="test_add_On1size_Expect_size2" classname="bt.collections.lists.TestRatajListRec2" time="0.0"/>
    <testcase name="test_add_On2size_Expect_size3" classname="bt.collections.lists.TestRatajListRec2" time="0.0"/>
    <testcase name="test_add_On3size_Expect_size4" classname="bt.collections.lists.TestRatajListRec2" time="0.0"/>
    <testcase name="test_delete_0_On1size_Expect_size0" classname="bt.collections.lists.TestRatajListRec2" time="0.0"/>
    <testcase name="test_delete_1_On1size_Expect_size1" classname="bt.collections.lists.TestRatajListRec2" time="0.0"/>
    <testcase name="test_delete_1_On2size_Expect_size1" classname="bt.collections.lists.TestRatajListRec2" time="0.001">
      <failure>junit.framework.AssertionFailedError: expected:&lt;2&gt; but was:&lt;1&gt;&#13;
	at junit.framework.Assert.fail(Assert.java:57)&#13;
	at junit.framework.Assert.failNotEquals(Assert.java:329)&#13;
	at junit.framework.Assert.assertEquals(Assert.java:78)&#13;
	at junit.framework.Assert.assertEquals(Assert.java:234)&#13;
	at junit.framework.Assert.assertEquals(Assert.java:241)&#13;
	at junit.framework.TestCase.assertEquals(TestCase.java:409)&#13;
	at bt.collections.lists.TestRatajListRec2.test_delete_1_On2size_Expect_size1(TestRatajListRec2.java:478)&#13;
	at sun.reflect.NativeMethodAccessorImpl.invoke0(Native Method)&#13;
	at sun.reflect.NativeMethodAccessorImpl.invoke(NativeMethodAccessorImpl.java:62)&#13;
	at sun.reflect.DelegatingMethodAccessorImpl.invoke(DelegatingMethodAccessorImpl.java:43)&#13;
	at java.lang.reflect.Method.invoke(Method.java:498)&#13;
	at junit.framework.TestCase.runTest(TestCase.java:176)&#13;
	at junit.framework.TestCase.runBare(TestCase.java:141)&#13;
	at junit.framework.TestResult$1.protect(TestResult.java:122)&#13;
	at junit.framework.TestResult.runProtected(TestResult.java:142)&#13;
	at junit.framework.TestResult.run(TestResult.java:125)&#13;
	at junit.framework.TestCase.run(TestCase.java:129)&#13;
	at junit.framework.TestSuite.runTest(TestSuite.java:252)&#13;
	at junit.framework.TestSuite.run(TestSuite.java:247)&#13;
	at org.junit.internal.runners.JUnit38ClassRunner.run(JUnit38ClassRunner.java:86)&#13;
	at org.eclipse.jdt.internal.junit4.runner.JUnit4TestReference.run(JUnit4TestReference.java:86)&#13;
	at org.eclipse.jdt.internal.junit.runner.TestExecution.run(TestExecution.java:38)&#13;
	at org.eclipse.jdt.internal.junit.runner.RemoteTestRunner.runTests(RemoteTestRunner.java:459)&#13;
	at org.eclipse.jdt.internal.junit.runner.RemoteTestRunner.runTests(RemoteTestRunner.java:675)&#13;
	at org.eclipse.jdt.internal.junit.runner.RemoteTestRunner.run(RemoteTestRunner.java:382)&#13;
	at org.eclipse.jdt.internal.junit.runner.RemoteTestRunner.main(RemoteTestRunner.java:192)&#13;
&#13;
</failure>
    </testcase>
    <testcase name="test_delete_1_On3size_Expect_size2" classname="bt.collections.lists.TestRatajListRec2" time="0.001">
      <failure>junit.framework.AssertionFailedError: expected:&lt;3&gt; but was:&lt;2&gt;&#13;
	at junit.framework.Assert.fail(Assert.java:57)&#13;
	at junit.framework.Assert.failNotEquals(Assert.java:329)&#13;
	at junit.framework.Assert.assertEquals(Assert.java:78)&#13;
	at junit.framework.Assert.assertEquals(Assert.java:234)&#13;
	at junit.framework.Assert.assertEquals(Assert.java:241)&#13;
	at junit.framework.TestCase.assertEquals(TestCase.java:409)&#13;
	at bt.collections.lists.TestRatajListRec2.test_delete_1_On3size_Expect_size2(TestRatajListRec2.java:498)&#13;
	at sun.reflect.NativeMethodAccessorImpl.invoke0(Native Method)&#13;
	at sun.reflect.NativeMethodAccessorImpl.invoke(NativeMethodAccessorImpl.java:62)&#13;
	at sun.reflect.DelegatingMethodAccessorImpl.invoke(DelegatingMethodAccessorImpl.java:43)&#13;
	at java.lang.reflect.Method.invoke(Method.java:498)&#13;
	at junit.framework.TestCase.runTest(TestCase.java:176)&#13;
	at junit.framework.TestCase.runBare(TestCase.java:141)&#13;
	at junit.framework.TestResult$1.protect(TestResult.java:122)&#13;
	at junit.framework.TestResult.runProtected(TestResult.java:142)&#13;
	at junit.framework.TestResult.run(TestResult.java:125)&#13;
	at junit.framework.TestCase.run(TestCase.java:129)&#13;
	at junit.framework.TestSuite.runTest(TestSuite.java:252)&#13;
	at junit.framework.TestSuite.run(TestSuite.java:247)&#13;
	at org.junit.internal.runners.JUnit38ClassRunner.run(JUnit38ClassRunner.java:86)&#13;
	at org.eclipse.jdt.internal.junit4.runner.JUnit4TestReference.run(JUnit4TestReference.java:86)&#13;
	at org.eclipse.jdt.internal.junit.runner.TestExecution.run(TestExecution.java:38)&#13;
	at org.eclipse.jdt.internal.junit.runner.RemoteTestRunner.runTests(RemoteTestRunner.java:459)&#13;
	at org.eclipse.jdt.internal.junit.runner.RemoteTestRunner.runTests(RemoteTestRunner.java:675)&#13;
	at org.eclipse.jdt.internal.junit.runner.RemoteTestRunner.run(RemoteTestRunner.java:382)&#13;
	at org.eclipse.jdt.internal.junit.runner.RemoteTestRunner.main(RemoteTestRunner.java:192)&#13;
&#13;
</failure>
    </testcase>
    <testcase name="test_delete_4_On3size_Expect_size3" classname="bt.collections.lists.TestRatajListRec2" time="0.001"/>
    <testcase name="test_get_0val_On1size_true" classname="bt.collections.lists.TestRatajListRec2" time="0.0"/>
    <testcase name="test_get_0val_On2size_true" classname="bt.collections.lists.TestRatajListRec2" time="0.0"/>
    <testcase name="test_get_0val_On3size_true" classname="bt.collections.lists.TestRatajListRec2" time="0.001"/>
    <testcase name="test_get_1val_On2size_true" classname="bt.collections.lists.TestRatajListRec2" time="0.0"/>
    <testcase name="test_get_1val_On3size_true" classname="bt.collections.lists.TestRatajListRec2" time="0.0"/>
    <testcase name="test_get_2val_On2size_true" classname="bt.collections.lists.TestRatajListRec2" time="0.001"/>
    <testcase name="test_get_2val_On3size_true" classname="bt.collections.lists.TestRatajListRec2" time="0.0"/>
    <testcase name="test_get_4val_On3size_false" classname="bt.collections.lists.TestRatajListRec2" time="0.0"/>
    <testcase name="test_size_On1size_Expect_1" classname="bt.collections.lists.TestRatajListRec2" time="0.0"/>
    <testcase name="test_size_On2size_Expect_2" classname="bt.collections.lists.TestRatajListRec2" time="0.0"/>
    <testcase name="test_size_On3size_Expect_3" classname="bt.collections.lists.TestRatajListRec2" time="0.001"/>
    <testcase name="test_sumStatic_1size_Expect_1_true" classname="bt.collections.lists.TestRatajListRec2" time="0.0"/>
    <testcase name="test_sumStatic_3size_Expect_6_true" classname="bt.collections.lists.TestRatajListRec2" time="0.0"/>
    <testcase name="test_sumStatic_null_Expect_0_true" classname="bt.collections.lists.TestRatajListRec2" time="0.0"/>
    <testcase name="test_sum_1size_Expect_1_true" classname="bt.collections.lists.TestRatajListRec2" time="0.0"/>
    <testcase name="test_sum_3size_Expect_6_true" classname="bt.collections.lists.TestRatajListRec2" time="0.001"/>
  </testsuite>
</testrun>
