<?xml version="1.0" encoding="UTF-8"?><testrun name="TestBubbleSorts" project="BT-Library-Java" tests="4" started="4" failures="2" errors="0" ignored="0">
  <testsuite name="bt.tests.core.algorithms.sorting.TestBubbleSorts" time="0.001">
    <testcase name="test_BubbleSortPrimitive_012345678_Expect_012345678_True" classname="bt.tests.core.algorithms.sorting.TestBubbleSorts" time="0.001"/>
    <testcase name="test_BubbleSortPrimitive_63124805_Expect_01234568_True" classname="bt.tests.core.algorithms.sorting.TestBubbleSorts" time="0.0">
      <failure>junit.framework.AssertionFailedError: expected:&lt;[ 0, 1, 2, 3, 4, 5, 6, 8]&gt; but was:&lt;[ 1, 2, 3, 4, 0, 6, 5, 8]&gt;&#13;
	at junit.framework.Assert.fail(Assert.java:57)&#13;
	at junit.framework.Assert.failNotEquals(Assert.java:329)&#13;
	at junit.framework.Assert.assertEquals(Assert.java:78)&#13;
	at junit.framework.Assert.assertEquals(Assert.java:86)&#13;
	at junit.framework.TestCase.assertEquals(TestCase.java:253)&#13;
	at bt.tests.core.algorithms.sorting.TestBubbleSorts.test_BubbleSortPrimitive_63124805_Expect_01234568_True(TestBubbleSorts.java:47)&#13;
	at sun.reflect.NativeMethodAccessorImpl.invoke0(Native Method)&#13;
	at sun.reflect.NativeMethodAccessorImpl.invoke(Unknown Source)&#13;
	at sun.reflect.DelegatingMethodAccessorImpl.invoke(Unknown Source)&#13;
	at java.lang.reflect.Method.invoke(Unknown Source)&#13;
	at junit.framework.TestCase.runTest(TestCase.java:176)&#13;
	at junit.framework.TestCase.runBare(TestCase.java:141)&#13;
	at junit.framework.TestResult$1.protect(TestResult.java:122)&#13;
	at junit.framework.TestResult.runProtected(TestResult.java:142)&#13;
	at junit.framework.TestResult.run(TestResult.java:125)&#13;
	at junit.framework.TestCase.run(TestCase.java:129)&#13;
	at junit.framework.TestSuite.runTest(TestSuite.java:252)&#13;
	at junit.framework.TestSuite.run(TestSuite.java:247)&#13;
	at org.junit.internal.runners.JUnit38ClassRunner.run(JUnit38ClassRunner.java:86)&#13;
	at org.eclipse.jdt.internal.junit4.runner.JUnit4TestReference.run(JUnit4TestReference.java:86)&#13;
	at org.eclipse.jdt.internal.junit.runner.TestExecution.run(TestExecution.java:38)&#13;
	at org.eclipse.jdt.internal.junit.runner.RemoteTestRunner.runTests(RemoteTestRunner.java:459)&#13;
	at org.eclipse.jdt.internal.junit.runner.RemoteTestRunner.runTests(RemoteTestRunner.java:675)&#13;
	at org.eclipse.jdt.internal.junit.runner.RemoteTestRunner.run(RemoteTestRunner.java:382)&#13;
	at org.eclipse.jdt.internal.junit.runner.RemoteTestRunner.main(RemoteTestRunner.java:192)&#13;
&#13;
</failure>
    </testcase>
    <testcase name="test_BubbleSortPrimitive_876543210_Expect_012345678_True" classname="bt.tests.core.algorithms.sorting.TestBubbleSorts" time="0.0">
      <failure>junit.framework.AssertionFailedError: expected:&lt;[ 0, 1, 2, 3, 4, 5, 6, 7, 8]&gt; but was:&lt;[ 1, 2, 3, 4, 5, 6, 7, 8, 0]&gt;&#13;
	at junit.framework.Assert.fail(Assert.java:57)&#13;
	at junit.framework.Assert.failNotEquals(Assert.java:329)&#13;
	at junit.framework.Assert.assertEquals(Assert.java:78)&#13;
	at junit.framework.Assert.assertEquals(Assert.java:86)&#13;
	at junit.framework.TestCase.assertEquals(TestCase.java:253)&#13;
	at bt.tests.core.algorithms.sorting.TestBubbleSorts.test_BubbleSortPrimitive_876543210_Expect_012345678_True(TestBubbleSorts.java:85)&#13;
	at sun.reflect.NativeMethodAccessorImpl.invoke0(Native Method)&#13;
	at sun.reflect.NativeMethodAccessorImpl.invoke(Unknown Source)&#13;
	at sun.reflect.DelegatingMethodAccessorImpl.invoke(Unknown Source)&#13;
	at java.lang.reflect.Method.invoke(Unknown Source)&#13;
	at junit.framework.TestCase.runTest(TestCase.java:176)&#13;
	at junit.framework.TestCase.runBare(TestCase.java:141)&#13;
	at junit.framework.TestResult$1.protect(TestResult.java:122)&#13;
	at junit.framework.TestResult.runProtected(TestResult.java:142)&#13;
	at junit.framework.TestResult.run(TestResult.java:125)&#13;
	at junit.framework.TestCase.run(TestCase.java:129)&#13;
	at junit.framework.TestSuite.runTest(TestSuite.java:252)&#13;
	at junit.framework.TestSuite.run(TestSuite.java:247)&#13;
	at org.junit.internal.runners.JUnit38ClassRunner.run(JUnit38ClassRunner.java:86)&#13;
	at org.eclipse.jdt.internal.junit4.runner.JUnit4TestReference.run(JUnit4TestReference.java:86)&#13;
	at org.eclipse.jdt.internal.junit.runner.TestExecution.run(TestExecution.java:38)&#13;
	at org.eclipse.jdt.internal.junit.runner.RemoteTestRunner.runTests(RemoteTestRunner.java:459)&#13;
	at org.eclipse.jdt.internal.junit.runner.RemoteTestRunner.runTests(RemoteTestRunner.java:675)&#13;
	at org.eclipse.jdt.internal.junit.runner.RemoteTestRunner.run(RemoteTestRunner.java:382)&#13;
	at org.eclipse.jdt.internal.junit.runner.RemoteTestRunner.main(RemoteTestRunner.java:192)&#13;
&#13;
</failure>
    </testcase>
    <testcase name="test_BubbleSortPrimitive_empty_Expect_empty_True" classname="bt.tests.core.algorithms.sorting.TestBubbleSorts" time="0.0"/>
  </testsuite>
</testrun>
