<?xml version="1.0" encoding="UTF-8"?><testrun name="TestStudentMailMatcher" project="BT-Library-Java" tests="35" started="35" failures="7" errors="0" ignored="0">
  <testsuite name="bt.algorithms.strings.TestStudentMailMatcher" time="0.01">
    <testcase name="test_0_nazwa_Konta_0_Znakow_Expect_false" classname="bt.algorithms.strings.TestStudentMailMatcher" time="0.0"/>
    <testcase name="test_10_nazwa_Konta_6_Cyfr_1_Spacja_Expect_false" classname="bt.algorithms.strings.TestStudentMailMatcher" time="0.0"/>
    <testcase name="test_11_nazwa_Konta_6_Cyfr_BrakMalpy_Expect_false" classname="bt.algorithms.strings.TestStudentMailMatcher" time="0.0"/>
    <testcase name="test_12_wczesniejOk_adresSerwera1_Brak_Expect_false" classname="bt.algorithms.strings.TestStudentMailMatcher" time="0.0"/>
    <testcase name="test_13_wczesniejOk_adresSerwera1_1znak_Expect_false" classname="bt.algorithms.strings.TestStudentMailMatcher" time="0.0"/>
    <testcase name="test_14_wczesniejOk_adresSerwera1_spacja_Expect_false" classname="bt.algorithms.strings.TestStudentMailMatcher" time="0.0"/>
    <testcase name="test_15_wczesniejOk_adresSerwera1_1cyfra_Expect_false" classname="bt.algorithms.strings.TestStudentMailMatcher" time="0.0"/>
    <testcase name="test_16_wczesniejOk_adresSerwera1_dobry_Expect_true" classname="bt.algorithms.strings.TestStudentMailMatcher" time="0.0"/>
    <testcase name="test_17_wczesniejOk_adresSerwera1_brakKropkiPotem_Expect_false" classname="bt.algorithms.strings.TestStudentMailMatcher" time="0.0"/>
    <testcase name="test_18_wczesniejOk_adresSerwera1_dwieKropkiPotem_Expect_false" classname="bt.algorithms.strings.TestStudentMailMatcher" time="0.0"/>
    <testcase name="test_19_wczesniejOk_adresSerwera2_spacja_Expect_false" classname="bt.algorithms.strings.TestStudentMailMatcher" time="0.0"/>
    <testcase name="test_1_nazwa_Konta_1_Znak_Expect_false" classname="bt.algorithms.strings.TestStudentMailMatcher" time="0.0"/>
    <testcase name="test_20_wczesniejOk_adresSerwera2_brak_Expect_false" classname="bt.algorithms.strings.TestStudentMailMatcher" time="0.0"/>
    <testcase name="test_21_wczesniejOk_adresSerwera2_1_znak_Expect_false" classname="bt.algorithms.strings.TestStudentMailMatcher" time="0.0"/>
    <testcase name="test_22_wczesniejOk_adresSerwera2_1_znak_Expect_false" classname="bt.algorithms.strings.TestStudentMailMatcher" time="0.0"/>
    <testcase name="test_23_wczesniejOk_adresSerwera2_2_cyfra_Expect_false" classname="bt.algorithms.strings.TestStudentMailMatcher" time="0.0"/>
    <testcase name="test_24_wczesniejOk_adresSerwera2_2_cyfra_Expect_true" classname="bt.algorithms.strings.TestStudentMailMatcher" time="0.0"/>
    <testcase name="test_25_wczesniejOk_adresSerwera3_spacja_Expect_false" classname="bt.algorithms.strings.TestStudentMailMatcher" time="0.001">
      <failure>junit.framework.AssertionFailedError&#13;
	at junit.framework.Assert.fail(Assert.java:55)&#13;
	at junit.framework.Assert.assertTrue(Assert.java:22)&#13;
	at junit.framework.Assert.assertFalse(Assert.java:39)&#13;
	at junit.framework.Assert.assertFalse(Assert.java:47)&#13;
	at junit.framework.TestCase.assertFalse(TestCase.java:219)&#13;
	at bt.algorithms.strings.TestStudentMailMatcher.test_25_wczesniejOk_adresSerwera3_spacja_Expect_false(TestStudentMailMatcher.java:234)&#13;
	at sun.reflect.NativeMethodAccessorImpl.invoke0(Native Method)&#13;
	at sun.reflect.NativeMethodAccessorImpl.invoke(NativeMethodAccessorImpl.java:62)&#13;
	at sun.reflect.DelegatingMethodAccessorImpl.invoke(DelegatingMethodAccessorImpl.java:43)&#13;
	at java.lang.reflect.Method.invoke(Method.java:498)&#13;
	at junit.framework.TestCase.runTest(TestCase.java:176)&#13;
	at junit.framework.TestCase.runBare(TestCase.java:141)&#13;
	at junit.framework.TestResult$1.protect(TestResult.java:122)&#13;
	at junit.framework.TestResult.runProtected(TestResult.java:142)&#13;
	at junit.framework.TestResult.run(TestResult.java:125)&#13;
	at junit.framework.TestCase.run(TestCase.java:129)&#13;
	at junit.framework.TestSuite.runTest(TestSuite.java:252)&#13;
	at junit.framework.TestSuite.run(TestSuite.java:247)&#13;
	at org.junit.internal.runners.JUnit38ClassRunner.run(JUnit38ClassRunner.java:86)&#13;
	at org.eclipse.jdt.internal.junit4.runner.JUnit4TestReference.run(JUnit4TestReference.java:86)&#13;
	at org.eclipse.jdt.internal.junit.runner.TestExecution.run(TestExecution.java:38)&#13;
	at org.eclipse.jdt.internal.junit.runner.RemoteTestRunner.runTests(RemoteTestRunner.java:459)&#13;
	at org.eclipse.jdt.internal.junit.runner.RemoteTestRunner.runTests(RemoteTestRunner.java:675)&#13;
	at org.eclipse.jdt.internal.junit.runner.RemoteTestRunner.run(RemoteTestRunner.java:382)&#13;
	at org.eclipse.jdt.internal.junit.runner.RemoteTestRunner.main(RemoteTestRunner.java:192)&#13;
&#13;
</failure>
    </testcase>
    <testcase name="test_26_wczesniejOk_adresSerwera3_dobry_Expect_true" classname="bt.algorithms.strings.TestStudentMailMatcher" time="0.001"/>
    <testcase name="test_27_wczesniejOk_adresSerwera3_brak_Expect_false" classname="bt.algorithms.strings.TestStudentMailMatcher" time="0.0"/>
    <testcase name="test_28_wczesniejOk_adresSerwera3_1_znak_Expect_false" classname="bt.algorithms.strings.TestStudentMailMatcher" time="0.001">
      <failure>junit.framework.AssertionFailedError&#13;
	at junit.framework.Assert.fail(Assert.java:55)&#13;
	at junit.framework.Assert.assertTrue(Assert.java:22)&#13;
	at junit.framework.Assert.assertFalse(Assert.java:39)&#13;
	at junit.framework.Assert.assertFalse(Assert.java:47)&#13;
	at junit.framework.TestCase.assertFalse(TestCase.java:219)&#13;
	at bt.algorithms.strings.TestStudentMailMatcher.test_28_wczesniejOk_adresSerwera3_1_znak_Expect_false(TestStudentMailMatcher.java:183)&#13;
	at sun.reflect.NativeMethodAccessorImpl.invoke0(Native Method)&#13;
	at sun.reflect.NativeMethodAccessorImpl.invoke(NativeMethodAccessorImpl.java:62)&#13;
	at sun.reflect.DelegatingMethodAccessorImpl.invoke(DelegatingMethodAccessorImpl.java:43)&#13;
	at java.lang.reflect.Method.invoke(Method.java:498)&#13;
	at junit.framework.TestCase.runTest(TestCase.java:176)&#13;
	at junit.framework.TestCase.runBare(TestCase.java:141)&#13;
	at junit.framework.TestResult$1.protect(TestResult.java:122)&#13;
	at junit.framework.TestResult.runProtected(TestResult.java:142)&#13;
	at junit.framework.TestResult.run(TestResult.java:125)&#13;
	at junit.framework.TestCase.run(TestCase.java:129)&#13;
	at junit.framework.TestSuite.runTest(TestSuite.java:252)&#13;
	at junit.framework.TestSuite.run(TestSuite.java:247)&#13;
	at org.junit.internal.runners.JUnit38ClassRunner.run(JUnit38ClassRunner.java:86)&#13;
	at org.eclipse.jdt.internal.junit4.runner.JUnit4TestReference.run(JUnit4TestReference.java:86)&#13;
	at org.eclipse.jdt.internal.junit.runner.TestExecution.run(TestExecution.java:38)&#13;
	at org.eclipse.jdt.internal.junit.runner.RemoteTestRunner.runTests(RemoteTestRunner.java:459)&#13;
	at org.eclipse.jdt.internal.junit.runner.RemoteTestRunner.runTests(RemoteTestRunner.java:675)&#13;
	at org.eclipse.jdt.internal.junit.runner.RemoteTestRunner.run(RemoteTestRunner.java:382)&#13;
	at org.eclipse.jdt.internal.junit.runner.RemoteTestRunner.main(RemoteTestRunner.java:192)&#13;
&#13;
</failure>
    </testcase>
    <testcase name="test_29_wczesniejOk_adresSerwera3_1_cyfra_Expect_false" classname="bt.algorithms.strings.TestStudentMailMatcher" time="0.0">
      <failure>junit.framework.AssertionFailedError&#13;
	at junit.framework.Assert.fail(Assert.java:55)&#13;
	at junit.framework.Assert.assertTrue(Assert.java:22)&#13;
	at junit.framework.Assert.assertFalse(Assert.java:39)&#13;
	at junit.framework.Assert.assertFalse(Assert.java:47)&#13;
	at junit.framework.TestCase.assertFalse(TestCase.java:219)&#13;
	at bt.algorithms.strings.TestStudentMailMatcher.test_29_wczesniejOk_adresSerwera3_1_cyfra_Expect_false(TestStudentMailMatcher.java:166)&#13;
	at sun.reflect.NativeMethodAccessorImpl.invoke0(Native Method)&#13;
	at sun.reflect.NativeMethodAccessorImpl.invoke(NativeMethodAccessorImpl.java:62)&#13;
	at sun.reflect.DelegatingMethodAccessorImpl.invoke(DelegatingMethodAccessorImpl.java:43)&#13;
	at java.lang.reflect.Method.invoke(Method.java:498)&#13;
	at junit.framework.TestCase.runTest(TestCase.java:176)&#13;
	at junit.framework.TestCase.runBare(TestCase.java:141)&#13;
	at junit.framework.TestResult$1.protect(TestResult.java:122)&#13;
	at junit.framework.TestResult.runProtected(TestResult.java:142)&#13;
	at junit.framework.TestResult.run(TestResult.java:125)&#13;
	at junit.framework.TestCase.run(TestCase.java:129)&#13;
	at junit.framework.TestSuite.runTest(TestSuite.java:252)&#13;
	at junit.framework.TestSuite.run(TestSuite.java:247)&#13;
	at org.junit.internal.runners.JUnit38ClassRunner.run(JUnit38ClassRunner.java:86)&#13;
	at org.eclipse.jdt.internal.junit4.runner.JUnit4TestReference.run(JUnit4TestReference.java:86)&#13;
	at org.eclipse.jdt.internal.junit.runner.TestExecution.run(TestExecution.java:38)&#13;
	at org.eclipse.jdt.internal.junit.runner.RemoteTestRunner.runTests(RemoteTestRunner.java:459)&#13;
	at org.eclipse.jdt.internal.junit.runner.RemoteTestRunner.runTests(RemoteTestRunner.java:675)&#13;
	at org.eclipse.jdt.internal.junit.runner.RemoteTestRunner.run(RemoteTestRunner.java:382)&#13;
	at org.eclipse.jdt.internal.junit.runner.RemoteTestRunner.main(RemoteTestRunner.java:192)&#13;
&#13;
</failure>
    </testcase>
    <testcase name="test_2_nazwa_Konta_1_Cyfra_Expect_false" classname="bt.algorithms.strings.TestStudentMailMatcher" time="0.001"/>
    <testcase name="test_30_wczesniejOk_adresSerwera3_2_znak_Expect_false" classname="bt.algorithms.strings.TestStudentMailMatcher" time="0.0">
      <failure>junit.framework.AssertionFailedError&#13;
	at junit.framework.Assert.fail(Assert.java:55)&#13;
	at junit.framework.Assert.assertTrue(Assert.java:22)&#13;
	at junit.framework.Assert.assertFalse(Assert.java:39)&#13;
	at junit.framework.Assert.assertFalse(Assert.java:47)&#13;
	at junit.framework.TestCase.assertFalse(TestCase.java:219)&#13;
	at bt.algorithms.strings.TestStudentMailMatcher.test_30_wczesniejOk_adresSerwera3_2_znak_Expect_false(TestStudentMailMatcher.java:149)&#13;
	at sun.reflect.NativeMethodAccessorImpl.invoke0(Native Method)&#13;
	at sun.reflect.NativeMethodAccessorImpl.invoke(NativeMethodAccessorImpl.java:62)&#13;
	at sun.reflect.DelegatingMethodAccessorImpl.invoke(DelegatingMethodAccessorImpl.java:43)&#13;
	at java.lang.reflect.Method.invoke(Method.java:498)&#13;
	at junit.framework.TestCase.runTest(TestCase.java:176)&#13;
	at junit.framework.TestCase.runBare(TestCase.java:141)&#13;
	at junit.framework.TestResult$1.protect(TestResult.java:122)&#13;
	at junit.framework.TestResult.runProtected(TestResult.java:142)&#13;
	at junit.framework.TestResult.run(TestResult.java:125)&#13;
	at junit.framework.TestCase.run(TestCase.java:129)&#13;
	at junit.framework.TestSuite.runTest(TestSuite.java:252)&#13;
	at junit.framework.TestSuite.run(TestSuite.java:247)&#13;
	at org.junit.internal.runners.JUnit38ClassRunner.run(JUnit38ClassRunner.java:86)&#13;
	at org.eclipse.jdt.internal.junit4.runner.JUnit4TestReference.run(JUnit4TestReference.java:86)&#13;
	at org.eclipse.jdt.internal.junit.runner.TestExecution.run(TestExecution.java:38)&#13;
	at org.eclipse.jdt.internal.junit.runner.RemoteTestRunner.runTests(RemoteTestRunner.java:459)&#13;
	at org.eclipse.jdt.internal.junit.runner.RemoteTestRunner.runTests(RemoteTestRunner.java:675)&#13;
	at org.eclipse.jdt.internal.junit.runner.RemoteTestRunner.run(RemoteTestRunner.java:382)&#13;
	at org.eclipse.jdt.internal.junit.runner.RemoteTestRunner.main(RemoteTestRunner.java:192)&#13;
&#13;
</failure>
    </testcase>
    <testcase name="test_31_wczesniejOk_adresSerwera3_2_cyfra_Expect_false" classname="bt.algorithms.strings.TestStudentMailMatcher" time="0.001">
      <failure>junit.framework.AssertionFailedError&#13;
	at junit.framework.Assert.fail(Assert.java:55)&#13;
	at junit.framework.Assert.assertTrue(Assert.java:22)&#13;
	at junit.framework.Assert.assertFalse(Assert.java:39)&#13;
	at junit.framework.Assert.assertFalse(Assert.java:47)&#13;
	at junit.framework.TestCase.assertFalse(TestCase.java:219)&#13;
	at bt.algorithms.strings.TestStudentMailMatcher.test_31_wczesniejOk_adresSerwera3_2_cyfra_Expect_false(TestStudentMailMatcher.java:132)&#13;
	at sun.reflect.NativeMethodAccessorImpl.invoke0(Native Method)&#13;
	at sun.reflect.NativeMethodAccessorImpl.invoke(NativeMethodAccessorImpl.java:62)&#13;
	at sun.reflect.DelegatingMethodAccessorImpl.invoke(DelegatingMethodAccessorImpl.java:43)&#13;
	at java.lang.reflect.Method.invoke(Method.java:498)&#13;
	at junit.framework.TestCase.runTest(TestCase.java:176)&#13;
	at junit.framework.TestCase.runBare(TestCase.java:141)&#13;
	at junit.framework.TestResult$1.protect(TestResult.java:122)&#13;
	at junit.framework.TestResult.runProtected(TestResult.java:142)&#13;
	at junit.framework.TestResult.run(TestResult.java:125)&#13;
	at junit.framework.TestCase.run(TestCase.java:129)&#13;
	at junit.framework.TestSuite.runTest(TestSuite.java:252)&#13;
	at junit.framework.TestSuite.run(TestSuite.java:247)&#13;
	at org.junit.internal.runners.JUnit38ClassRunner.run(JUnit38ClassRunner.java:86)&#13;
	at org.eclipse.jdt.internal.junit4.runner.JUnit4TestReference.run(JUnit4TestReference.java:86)&#13;
	at org.eclipse.jdt.internal.junit.runner.TestExecution.run(TestExecution.java:38)&#13;
	at org.eclipse.jdt.internal.junit.runner.RemoteTestRunner.runTests(RemoteTestRunner.java:459)&#13;
	at org.eclipse.jdt.internal.junit.runner.RemoteTestRunner.runTests(RemoteTestRunner.java:675)&#13;
	at org.eclipse.jdt.internal.junit.runner.RemoteTestRunner.run(RemoteTestRunner.java:382)&#13;
	at org.eclipse.jdt.internal.junit.runner.RemoteTestRunner.main(RemoteTestRunner.java:192)&#13;
&#13;
</failure>
    </testcase>
    <testcase name="test_32_wczesniejOk_adresSerwera3_2_znak_1_cyfra_Expect_false" classname="bt.algorithms.strings.TestStudentMailMatcher" time="0.001">
      <failure>junit.framework.AssertionFailedError&#13;
	at junit.framework.Assert.fail(Assert.java:55)&#13;
	at junit.framework.Assert.assertTrue(Assert.java:22)&#13;
	at junit.framework.Assert.assertFalse(Assert.java:39)&#13;
	at junit.framework.Assert.assertFalse(Assert.java:47)&#13;
	at junit.framework.TestCase.assertFalse(TestCase.java:219)&#13;
	at bt.algorithms.strings.TestStudentMailMatcher.test_32_wczesniejOk_adresSerwera3_2_znak_1_cyfra_Expect_false(TestStudentMailMatcher.java:115)&#13;
	at sun.reflect.NativeMethodAccessorImpl.invoke0(Native Method)&#13;
	at sun.reflect.NativeMethodAccessorImpl.invoke(NativeMethodAccessorImpl.java:62)&#13;
	at sun.reflect.DelegatingMethodAccessorImpl.invoke(DelegatingMethodAccessorImpl.java:43)&#13;
	at java.lang.reflect.Method.invoke(Method.java:498)&#13;
	at junit.framework.TestCase.runTest(TestCase.java:176)&#13;
	at junit.framework.TestCase.runBare(TestCase.java:141)&#13;
	at junit.framework.TestResult$1.protect(TestResult.java:122)&#13;
	at junit.framework.TestResult.runProtected(TestResult.java:142)&#13;
	at junit.framework.TestResult.run(TestResult.java:125)&#13;
	at junit.framework.TestCase.run(TestCase.java:129)&#13;
	at junit.framework.TestSuite.runTest(TestSuite.java:252)&#13;
	at junit.framework.TestSuite.run(TestSuite.java:247)&#13;
	at org.junit.internal.runners.JUnit38ClassRunner.run(JUnit38ClassRunner.java:86)&#13;
	at org.eclipse.jdt.internal.junit4.runner.JUnit4TestReference.run(JUnit4TestReference.java:86)&#13;
	at org.eclipse.jdt.internal.junit.runner.TestExecution.run(TestExecution.java:38)&#13;
	at org.eclipse.jdt.internal.junit.runner.RemoteTestRunner.runTests(RemoteTestRunner.java:459)&#13;
	at org.eclipse.jdt.internal.junit.runner.RemoteTestRunner.runTests(RemoteTestRunner.java:675)&#13;
	at org.eclipse.jdt.internal.junit.runner.RemoteTestRunner.run(RemoteTestRunner.java:382)&#13;
	at org.eclipse.jdt.internal.junit.runner.RemoteTestRunner.main(RemoteTestRunner.java:192)&#13;
&#13;
</failure>
    </testcase>
    <testcase name="test_33_wczesniejOk_adresSerwera3_4_znak_Expect_false" classname="bt.algorithms.strings.TestStudentMailMatcher" time="0.0">
      <failure>junit.framework.AssertionFailedError&#13;
	at junit.framework.Assert.fail(Assert.java:55)&#13;
	at junit.framework.Assert.assertTrue(Assert.java:22)&#13;
	at junit.framework.Assert.assertFalse(Assert.java:39)&#13;
	at junit.framework.Assert.assertFalse(Assert.java:47)&#13;
	at junit.framework.TestCase.assertFalse(TestCase.java:219)&#13;
	at bt.algorithms.strings.TestStudentMailMatcher.test_33_wczesniejOk_adresSerwera3_4_znak_Expect_false(TestStudentMailMatcher.java:98)&#13;
	at sun.reflect.NativeMethodAccessorImpl.invoke0(Native Method)&#13;
	at sun.reflect.NativeMethodAccessorImpl.invoke(NativeMethodAccessorImpl.java:62)&#13;
	at sun.reflect.DelegatingMethodAccessorImpl.invoke(DelegatingMethodAccessorImpl.java:43)&#13;
	at java.lang.reflect.Method.invoke(Method.java:498)&#13;
	at junit.framework.TestCase.runTest(TestCase.java:176)&#13;
	at junit.framework.TestCase.runBare(TestCase.java:141)&#13;
	at junit.framework.TestResult$1.protect(TestResult.java:122)&#13;
	at junit.framework.TestResult.runProtected(TestResult.java:142)&#13;
	at junit.framework.TestResult.run(TestResult.java:125)&#13;
	at junit.framework.TestCase.run(TestCase.java:129)&#13;
	at junit.framework.TestSuite.runTest(TestSuite.java:252)&#13;
	at junit.framework.TestSuite.run(TestSuite.java:247)&#13;
	at org.junit.internal.runners.JUnit38ClassRunner.run(JUnit38ClassRunner.java:86)&#13;
	at org.eclipse.jdt.internal.junit4.runner.JUnit4TestReference.run(JUnit4TestReference.java:86)&#13;
	at org.eclipse.jdt.internal.junit.runner.TestExecution.run(TestExecution.java:38)&#13;
	at org.eclipse.jdt.internal.junit.runner.RemoteTestRunner.runTests(RemoteTestRunner.java:459)&#13;
	at org.eclipse.jdt.internal.junit.runner.RemoteTestRunner.runTests(RemoteTestRunner.java:675)&#13;
	at org.eclipse.jdt.internal.junit.runner.RemoteTestRunner.run(RemoteTestRunner.java:382)&#13;
	at org.eclipse.jdt.internal.junit.runner.RemoteTestRunner.main(RemoteTestRunner.java:192)&#13;
&#13;
</failure>
    </testcase>
    <testcase name="test_34_wczesniejOk_adresSerwera3_dobry_aliasWrocExpect_true" classname="bt.algorithms.strings.TestStudentMailMatcher" time="0.0"/>
    <testcase name="test_3_nazwa_Konta_2_Cyfra_Expect_false" classname="bt.algorithms.strings.TestStudentMailMatcher" time="0.0"/>
    <testcase name="test_4_nazwa_Konta_6_Cyfra_Expect_true" classname="bt.algorithms.strings.TestStudentMailMatcher" time="0.0"/>
    <testcase name="test_5_nazwa_Konta_7_Cyfra_Expect_false" classname="bt.algorithms.strings.TestStudentMailMatcher" time="0.0"/>
    <testcase name="test_6_nazwa_Konta_6_Cyfra_Expect_true" classname="bt.algorithms.strings.TestStudentMailMatcher" time="0.001"/>
    <testcase name="test_7_nazwa_Konta_5_Cyfry_1_Znak_Expect_false" classname="bt.algorithms.strings.TestStudentMailMatcher" time="0.0"/>
    <testcase name="test_8_nazwa_Konta_6_Znakow_Expect_false" classname="bt.algorithms.strings.TestStudentMailMatcher" time="0.0"/>
    <testcase name="test_9_nazwa_Konta_6_Cyfr_2xMalpa_Expect_false" classname="bt.algorithms.strings.TestStudentMailMatcher" time="0.001"/>
  </testsuite>
</testrun>
