<?xml version="1.0" encoding="UTF-8"?><testrun name="Test_GrafCwiczenia" project="BT-Library-Java" tests="5" started="5" failures="0" errors="2" ignored="0">
  <testsuite name="bt.collections.graphs.Test_GrafCwiczenia" time="0.0">
    <testcase name="test_AddNullToList" classname="bt.collections.graphs.Test_GrafCwiczenia" time="0.0"/>
    <testcase name="test_CTOR_Null_Null" classname="bt.collections.graphs.Test_GrafCwiczenia" time="0.0">
      <error>bt.exceptions.EdgeContainsWrongVerticeException: EdgeContainsWrongVerticeException&#13;
	at bt.collections.graphs.GrafNieskierowany.&lt;init&gt;(GrafNieskierowany.java:30)&#13;
	at bt.collections.graphs.Test_GrafCwiczenia.test_CTOR_Null_Null(Test_GrafCwiczenia.java:180)&#13;
	at sun.reflect.NativeMethodAccessorImpl.invoke0(Native Method)&#13;
	at sun.reflect.NativeMethodAccessorImpl.invoke(NativeMethodAccessorImpl.java:62)&#13;
	at sun.reflect.DelegatingMethodAccessorImpl.invoke(DelegatingMethodAccessorImpl.java:43)&#13;
	at java.lang.reflect.Method.invoke(Method.java:498)&#13;
	at junit.framework.TestCase.runTest(TestCase.java:176)&#13;
	at junit.framework.TestCase.runBare(TestCase.java:141)&#13;
	at junit.framework.TestResult$1.protect(TestResult.java:122)&#13;
	at junit.framework.TestResult.runProtected(TestResult.java:142)&#13;
	at junit.framework.TestResult.run(TestResult.java:125)&#13;
	at junit.framework.TestCase.run(TestCase.java:129)&#13;
	at junit.framework.TestSuite.runTest(TestSuite.java:252)&#13;
	at junit.framework.TestSuite.run(TestSuite.java:247)&#13;
	at org.junit.internal.runners.JUnit38ClassRunner.run(JUnit38ClassRunner.java:86)&#13;
	at org.eclipse.jdt.internal.junit4.runner.JUnit4TestReference.run(JUnit4TestReference.java:86)&#13;
	at org.eclipse.jdt.internal.junit.runner.TestExecution.run(TestExecution.java:38)&#13;
	at org.eclipse.jdt.internal.junit.runner.RemoteTestRunner.runTests(RemoteTestRunner.java:459)&#13;
	at org.eclipse.jdt.internal.junit.runner.RemoteTestRunner.runTests(RemoteTestRunner.java:675)&#13;
	at org.eclipse.jdt.internal.junit.runner.RemoteTestRunner.run(RemoteTestRunner.java:382)&#13;
	at org.eclipse.jdt.internal.junit.runner.RemoteTestRunner.main(RemoteTestRunner.java:192)&#13;
&#13;
</error>
    </testcase>
    <testcase name="test_CheckIfContainsNull" classname="bt.collections.graphs.Test_GrafCwiczenia" time="0.0"/>
    <testcase name="test_FilterFromNull" classname="bt.collections.graphs.Test_GrafCwiczenia" time="0.0"/>
    <testcase name="test_TC1_CTOR_Zero_One" classname="bt.collections.graphs.Test_GrafCwiczenia" time="0.0">
      <error>java.lang.ClassCastException: java.util.TreeMap$Entry cannot be cast to java.lang.Comparable&#13;
	at java.util.TreeMap.getEntry(TreeMap.java:349)&#13;
	at java.util.TreeMap.get(TreeMap.java:278)&#13;
	at bt.collections.graphs.GrafNieskierowany.konwertujNaListeKrawedzi(GrafNieskierowany.java:54)&#13;
	at bt.collections.graphs.GrafNieskierowany.krawedzie(GrafNieskierowany.java:44)&#13;
	at bt.collections.graphs.Test_GrafCwiczenia.test_TC1_CTOR_Zero_One(Test_GrafCwiczenia.java:201)&#13;
	at sun.reflect.NativeMethodAccessorImpl.invoke0(Native Method)&#13;
	at sun.reflect.NativeMethodAccessorImpl.invoke(NativeMethodAccessorImpl.java:62)&#13;
	at sun.reflect.DelegatingMethodAccessorImpl.invoke(DelegatingMethodAccessorImpl.java:43)&#13;
	at java.lang.reflect.Method.invoke(Method.java:498)&#13;
	at junit.framework.TestCase.runTest(TestCase.java:176)&#13;
	at junit.framework.TestCase.runBare(TestCase.java:141)&#13;
	at junit.framework.TestResult$1.protect(TestResult.java:122)&#13;
	at junit.framework.TestResult.runProtected(TestResult.java:142)&#13;
	at junit.framework.TestResult.run(TestResult.java:125)&#13;
	at junit.framework.TestCase.run(TestCase.java:129)&#13;
	at junit.framework.TestSuite.runTest(TestSuite.java:252)&#13;
	at junit.framework.TestSuite.run(TestSuite.java:247)&#13;
	at org.junit.internal.runners.JUnit38ClassRunner.run(JUnit38ClassRunner.java:86)&#13;
	at org.eclipse.jdt.internal.junit4.runner.JUnit4TestReference.run(JUnit4TestReference.java:86)&#13;
	at org.eclipse.jdt.internal.junit.runner.TestExecution.run(TestExecution.java:38)&#13;
	at org.eclipse.jdt.internal.junit.runner.RemoteTestRunner.runTests(RemoteTestRunner.java:459)&#13;
	at org.eclipse.jdt.internal.junit.runner.RemoteTestRunner.runTests(RemoteTestRunner.java:675)&#13;
	at org.eclipse.jdt.internal.junit.runner.RemoteTestRunner.run(RemoteTestRunner.java:382)&#13;
	at org.eclipse.jdt.internal.junit.runner.RemoteTestRunner.main(RemoteTestRunner.java:192)&#13;
&#13;
</error>
    </testcase>
  </testsuite>
</testrun>
